2020-06-29 01:51:16,959 INFO o.a.j.u.JMeterUtils: Setting Locale to en_US
2020-06-29 01:51:16,980 INFO o.a.j.JMeter: Loading user properties from: /home/arash/Desktop/apache-jmeter-5.3/bin/user.properties
2020-06-29 01:51:16,980 INFO o.a.j.JMeter: Loading system properties from: /home/arash/Desktop/apache-jmeter-5.3/bin/system.properties
2020-06-29 01:51:16,981 INFO o.a.j.JMeter: Copyright (c) 1998-2020 The Apache Software Foundation
2020-06-29 01:51:16,981 INFO o.a.j.JMeter: Version 5.3
2020-06-29 01:51:16,981 INFO o.a.j.JMeter: java.version=1.8.0_252
2020-06-29 01:51:16,981 INFO o.a.j.JMeter: java.vm.name=OpenJDK 64-Bit Server VM
2020-06-29 01:51:16,981 INFO o.a.j.JMeter: os.name=Linux
2020-06-29 01:51:16,982 INFO o.a.j.JMeter: os.arch=amd64
2020-06-29 01:51:16,982 INFO o.a.j.JMeter: os.version=5.3.0-53-generic
2020-06-29 01:51:16,982 INFO o.a.j.JMeter: file.encoding=UTF-8
2020-06-29 01:51:16,982 INFO o.a.j.JMeter: java.awt.headless=null
2020-06-29 01:51:16,982 INFO o.a.j.JMeter: Max memory     =3732406272
2020-06-29 01:51:16,982 INFO o.a.j.JMeter: Available Processors =6
2020-06-29 01:51:16,987 INFO o.a.j.JMeter: Default Locale=English (United States)
2020-06-29 01:51:16,987 INFO o.a.j.JMeter: JMeter  Locale=English (United States)
2020-06-29 01:51:16,987 INFO o.a.j.JMeter: JMeterHome=/home/arash/Desktop/apache-jmeter-5.3
2020-06-29 01:51:16,987 INFO o.a.j.JMeter: user.dir  =/home/arash/Desktop/jmeter-from-chrome-plugin2
2020-06-29 01:51:16,987 INFO o.a.j.JMeter: PWD       =/home/arash/Desktop/jmeter-from-chrome-plugin2
2020-06-29 01:51:16,988 INFO o.a.j.JMeter: IP: 127.0.1.1 Name: arash-VirtualBox FullName: arash-VirtualBox
2020-06-29 01:51:17,087 INFO o.a.j.JMeter: Setting LAF to: com.github.weisj.darklaf.DarkLaf:com.github.weisj.darklaf.theme.DarculaTheme
2020-06-29 01:51:17,276 INFO o.a.j.JMeter: Loaded icon properties from org/apache/jmeter/images/icon.properties
2020-06-29 01:51:29,288 INFO o.a.j.s.FileServer: Default base='/home/arash/Desktop/jmeter-from-chrome-plugin2'
2020-06-29 01:51:29,292 INFO o.a.j.g.a.Load: Loading file: /home/arash/Desktop/jmeter-from-chrome-plugin2/performance-tests/login-logout.jmx
2020-06-29 01:51:29,292 INFO o.a.j.s.FileServer: Set new base='/home/arash/Desktop/jmeter-from-chrome-plugin2/performance-tests'
2020-06-29 01:51:29,412 INFO o.a.j.s.SaveService: Testplan (JMX) version: 2.2. Testlog (JTL) version: 2.2
2020-06-29 01:51:29,434 INFO o.a.j.s.SaveService: Using SaveService properties file encoding UTF-8
2020-06-29 01:51:29,435 INFO o.a.j.s.SaveService: Using SaveService properties version 5.0
2020-06-29 01:51:29,439 INFO o.a.j.s.SaveService: Loading file: /home/arash/Desktop/jmeter-from-chrome-plugin2/performance-tests/login-logout.jmx
2020-06-29 01:51:29,467 INFO o.a.j.p.h.c.CookieManager: Settings: Delete null: true Check: true Allow variable: true Save: false Prefix: COOKIE_
2020-06-29 01:51:29,469 INFO o.a.j.p.h.c.CacheManager: Will only cache the following methods: [GET]
2020-06-29 01:51:29,476 INFO o.a.j.p.h.s.HTTPSamplerBase: Parser for text/html is org.apache.jmeter.protocol.http.parser.LagartoBasedHtmlParser
2020-06-29 01:51:29,476 INFO o.a.j.p.h.s.HTTPSamplerBase: Parser for application/xhtml+xml is org.apache.jmeter.protocol.http.parser.LagartoBasedHtmlParser
2020-06-29 01:51:29,476 INFO o.a.j.p.h.s.HTTPSamplerBase: Parser for application/xml is org.apache.jmeter.protocol.http.parser.LagartoBasedHtmlParser
2020-06-29 01:51:29,476 INFO o.a.j.p.h.s.HTTPSamplerBase: Parser for text/xml is org.apache.jmeter.protocol.http.parser.LagartoBasedHtmlParser
2020-06-29 01:51:29,477 INFO o.a.j.p.h.s.HTTPSamplerBase: Parser for text/vnd.wap.wml is org.apache.jmeter.protocol.http.parser.RegexpHTMLParser
2020-06-29 01:51:29,477 INFO o.a.j.p.h.s.HTTPSamplerBase: Parser for text/css is org.apache.jmeter.protocol.http.parser.CssParser
2020-06-29 01:51:29,664 INFO o.a.j.s.FileServer: Set new base='/home/arash/Desktop/jmeter-from-chrome-plugin2/performance-tests'
2020-06-29 01:57:29,415 INFO o.a.j.s.SampleResult: Note: Sample TimeStamps are START times
2020-06-29 01:57:29,415 INFO o.a.j.s.SampleResult: sampleresult.default.encoding is set to ISO-8859-1
2020-06-29 01:57:29,415 INFO o.a.j.s.SampleResult: sampleresult.useNanoTime=true
2020-06-29 01:57:29,416 INFO o.a.j.s.SampleResult: sampleresult.nanoThreadSleep=5000
2020-06-29 01:57:29,536 INFO o.a.j.v.ViewResultsFullVisualizer: Add JavaFX to your Java installation if you want to use renderer: org.apache.jmeter.visualizers.RenderInBrowser
2020-06-29 01:57:57,174 INFO o.a.j.e.StandardJMeterEngine: Running the test!
2020-06-29 01:57:57,175 INFO o.a.j.s.SampleEvent: List of sample_variables: []
2020-06-29 01:57:57,175 INFO o.a.j.s.SampleEvent: List of sample_variables: []
2020-06-29 01:57:57,176 INFO o.a.j.e.u.CompoundVariable: Note: Function class names must contain the string: '.functions.'
2020-06-29 01:57:57,176 INFO o.a.j.e.u.CompoundVariable: Note: Function class names must not contain the string: '.gui.'
2020-06-29 01:57:57,420 INFO o.a.j.g.u.JMeterMenuBar: setRunning(true, *local*)
2020-06-29 01:57:57,567 INFO o.a.j.e.StandardJMeterEngine: Starting ThreadGroup: 1 : Thread Group
2020-06-29 01:57:57,567 INFO o.a.j.e.StandardJMeterEngine: Starting 1 threads for group Thread Group.
2020-06-29 01:57:57,567 INFO o.a.j.e.StandardJMeterEngine: Thread will continue on error
2020-06-29 01:57:57,568 INFO o.a.j.t.ThreadGroup: Starting thread group... number=1 threads=1 ramp-up=1 delayedStart=false
2020-06-29 01:57:57,571 INFO o.a.j.t.ThreadGroup: Started thread group number 1
2020-06-29 01:57:57,571 INFO o.a.j.e.StandardJMeterEngine: All thread groups have been started
2020-06-29 01:57:57,579 INFO o.a.j.t.JMeterThread: Thread started: Thread Group 1-1
2020-06-29 01:57:57,588 INFO o.a.j.p.h.s.HTTPHCAbstractImpl: Local host = arash-VirtualBox
2020-06-29 01:57:57,593 INFO o.a.j.p.h.s.HTTPHC4Impl: HTTP request retry count = 0
2020-06-29 01:57:58,180 INFO o.a.j.t.JMeterThread: Thread is done: Thread Group 1-1
2020-06-29 01:57:58,180 INFO o.a.j.t.JMeterThread: Thread finished: Thread Group 1-1
2020-06-29 01:57:58,181 INFO o.a.j.e.StandardJMeterEngine: Notifying test listeners of end of test
2020-06-29 01:57:58,181 INFO o.a.j.g.u.JMeterMenuBar: setRunning(false, *local*)
2020-06-29 01:58:12,595 INFO o.a.j.e.StandardJMeterEngine: Running the test!
2020-06-29 01:58:12,596 INFO o.a.j.s.SampleEvent: List of sample_variables: []
2020-06-29 01:58:12,598 INFO o.a.j.g.u.JMeterMenuBar: setRunning(true, *local*)
2020-06-29 01:58:12,737 INFO o.a.j.e.StandardJMeterEngine: Starting ThreadGroup: 1 : Thread Group
2020-06-29 01:58:12,737 INFO o.a.j.e.StandardJMeterEngine: Starting 1 threads for group Thread Group.
2020-06-29 01:58:12,737 INFO o.a.j.e.StandardJMeterEngine: Thread will continue on error
2020-06-29 01:58:12,737 INFO o.a.j.t.ThreadGroup: Starting thread group... number=1 threads=1 ramp-up=1 delayedStart=false
2020-06-29 01:58:12,738 INFO o.a.j.t.ThreadGroup: Started thread group number 1
2020-06-29 01:58:12,738 INFO o.a.j.e.StandardJMeterEngine: All thread groups have been started
2020-06-29 01:58:12,738 INFO o.a.j.t.JMeterThread: Thread started: Thread Group 1-1
2020-06-29 01:58:13,259 INFO o.a.j.t.JMeterThread: Thread is done: Thread Group 1-1
2020-06-29 01:58:13,260 INFO o.a.j.t.JMeterThread: Thread finished: Thread Group 1-1
2020-06-29 01:58:13,260 INFO o.a.j.e.StandardJMeterEngine: Notifying test listeners of end of test
2020-06-29 01:58:13,261 INFO o.a.j.g.u.JMeterMenuBar: setRunning(false, *local*)
2020-06-29 01:59:43,074 INFO o.a.j.e.StandardJMeterEngine: Running the test!
2020-06-29 01:59:43,074 INFO o.a.j.s.SampleEvent: List of sample_variables: []
2020-06-29 01:59:43,076 INFO o.a.j.g.u.JMeterMenuBar: setRunning(true, *local*)
2020-06-29 01:59:43,182 INFO o.a.j.e.StandardJMeterEngine: Starting ThreadGroup: 1 : Thread Group
2020-06-29 01:59:43,183 INFO o.a.j.e.StandardJMeterEngine: Starting 1 threads for group Thread Group.
2020-06-29 01:59:43,183 INFO o.a.j.e.StandardJMeterEngine: Thread will continue on error
2020-06-29 01:59:43,183 INFO o.a.j.t.ThreadGroup: Starting thread group... number=1 threads=1 ramp-up=1 delayedStart=false
2020-06-29 01:59:43,184 INFO o.a.j.t.ThreadGroup: Started thread group number 1
2020-06-29 01:59:43,184 INFO o.a.j.e.StandardJMeterEngine: All thread groups have been started
2020-06-29 01:59:43,184 INFO o.a.j.t.JMeterThread: Thread started: Thread Group 1-1
2020-06-29 01:59:43,701 INFO o.a.j.t.JMeterThread: Thread is done: Thread Group 1-1
2020-06-29 01:59:43,701 INFO o.a.j.t.JMeterThread: Thread finished: Thread Group 1-1
2020-06-29 01:59:43,702 INFO o.a.j.e.StandardJMeterEngine: Notifying test listeners of end of test
2020-06-29 01:59:43,702 INFO o.a.j.g.u.JMeterMenuBar: setRunning(false, *local*)
2020-06-29 02:03:09,546 INFO o.a.j.v.ViewResultsFullVisualizer: Add JavaFX to your Java installation if you want to use renderer: org.apache.jmeter.visualizers.RenderInBrowser
2020-06-29 02:03:14,429 INFO o.a.j.g.a.Load: Loading file: /home/arash/Desktop/jmeter-from-chrome-plugin2/performance-tests/login-logout.jmx
2020-06-29 02:03:14,429 INFO o.a.j.s.FileServer: Set new base='/home/arash/Desktop/jmeter-from-chrome-plugin2/performance-tests'
2020-06-29 02:03:14,429 INFO o.a.j.s.SaveService: Loading file: /home/arash/Desktop/jmeter-from-chrome-plugin2/performance-tests/login-logout.jmx
2020-06-29 02:03:14,448 INFO o.a.j.s.FileServer: Set new base='/home/arash/Desktop/jmeter-from-chrome-plugin2/performance-tests'
2020-06-29 02:03:22,232 INFO o.a.j.e.StandardJMeterEngine: Running the test!
2020-06-29 02:03:22,232 INFO o.a.j.s.SampleEvent: List of sample_variables: []
2020-06-29 02:03:22,234 INFO o.a.j.g.u.JMeterMenuBar: setRunning(true, *local*)
2020-06-29 02:03:22,404 INFO o.a.j.e.StandardJMeterEngine: Starting ThreadGroup: 1 : Thread Group
2020-06-29 02:03:22,404 INFO o.a.j.e.StandardJMeterEngine: Starting 1 threads for group Thread Group.
2020-06-29 02:03:22,404 INFO o.a.j.e.StandardJMeterEngine: Thread will continue on error
2020-06-29 02:03:22,404 INFO o.a.j.t.ThreadGroup: Starting thread group... number=1 threads=1 ramp-up=1 delayedStart=false
2020-06-29 02:03:22,406 INFO o.a.j.t.ThreadGroup: Started thread group number 1
2020-06-29 02:03:22,407 INFO o.a.j.e.StandardJMeterEngine: All thread groups have been started
2020-06-29 02:03:22,407 INFO o.a.j.t.JMeterThread: Thread started: Thread Group 1-1
2020-06-29 02:03:22,935 INFO o.a.j.t.JMeterThread: Thread is done: Thread Group 1-1
2020-06-29 02:03:22,935 INFO o.a.j.t.JMeterThread: Thread finished: Thread Group 1-1
2020-06-29 02:03:22,936 INFO o.a.j.e.StandardJMeterEngine: Notifying test listeners of end of test
2020-06-29 02:03:22,936 INFO o.a.j.g.u.JMeterMenuBar: setRunning(false, *local*)
2020-06-29 02:03:31,364 INFO o.a.j.v.ViewResultsFullVisualizer: Add JavaFX to your Java installation if you want to use renderer: org.apache.jmeter.visualizers.RenderInBrowser
2020-06-29 02:03:33,924 INFO o.a.j.e.StandardJMeterEngine: Running the test!
2020-06-29 02:03:33,925 INFO o.a.j.s.SampleEvent: List of sample_variables: []
2020-06-29 02:03:33,926 INFO o.a.j.g.u.JMeterMenuBar: setRunning(true, *local*)
2020-06-29 02:03:34,043 INFO o.a.j.e.StandardJMeterEngine: Starting ThreadGroup: 1 : Thread Group
2020-06-29 02:03:34,043 INFO o.a.j.e.StandardJMeterEngine: Starting 1 threads for group Thread Group.
2020-06-29 02:03:34,043 INFO o.a.j.e.StandardJMeterEngine: Thread will continue on error
2020-06-29 02:03:34,043 INFO o.a.j.t.ThreadGroup: Starting thread group... number=1 threads=1 ramp-up=1 delayedStart=false
2020-06-29 02:03:34,044 INFO o.a.j.t.ThreadGroup: Started thread group number 1
2020-06-29 02:03:34,044 INFO o.a.j.e.StandardJMeterEngine: All thread groups have been started
2020-06-29 02:03:34,045 INFO o.a.j.t.JMeterThread: Thread started: Thread Group 1-1
2020-06-29 02:03:34,570 INFO o.a.j.t.JMeterThread: Thread is done: Thread Group 1-1
2020-06-29 02:03:34,570 INFO o.a.j.t.JMeterThread: Thread finished: Thread Group 1-1
2020-06-29 02:03:34,570 INFO o.a.j.e.StandardJMeterEngine: Notifying test listeners of end of test
2020-06-29 02:03:34,571 INFO o.a.j.g.u.JMeterMenuBar: setRunning(false, *local*)
2020-06-29 02:18:29,728 INFO o.a.j.e.StandardJMeterEngine: Running the test!
2020-06-29 02:18:29,729 INFO o.a.j.s.SampleEvent: List of sample_variables: []
2020-06-29 02:18:29,730 INFO o.a.j.g.u.JMeterMenuBar: setRunning(true, *local*)
2020-06-29 02:18:29,870 INFO o.a.j.e.StandardJMeterEngine: Starting ThreadGroup: 1 : Thread Group
2020-06-29 02:18:29,871 INFO o.a.j.e.StandardJMeterEngine: Starting 1 threads for group Thread Group.
2020-06-29 02:18:29,871 INFO o.a.j.e.StandardJMeterEngine: Thread will continue on error
2020-06-29 02:18:29,871 INFO o.a.j.t.ThreadGroup: Starting thread group... number=1 threads=1 ramp-up=1 delayedStart=false
2020-06-29 02:18:29,871 INFO o.a.j.t.ThreadGroup: Started thread group number 1
2020-06-29 02:18:29,872 INFO o.a.j.e.StandardJMeterEngine: All thread groups have been started
2020-06-29 02:18:29,872 INFO o.a.j.t.JMeterThread: Thread started: Thread Group 1-1
2020-06-29 02:18:30,385 INFO o.a.j.t.JMeterThread: Thread is done: Thread Group 1-1
2020-06-29 02:18:30,386 INFO o.a.j.t.JMeterThread: Thread finished: Thread Group 1-1
2020-06-29 02:18:30,387 INFO o.a.j.e.StandardJMeterEngine: Notifying test listeners of end of test
2020-06-29 02:18:30,388 INFO o.a.j.g.u.JMeterMenuBar: setRunning(false, *local*)
2020-06-29 02:18:35,050 INFO o.a.j.e.StandardJMeterEngine: Running the test!
2020-06-29 02:18:35,051 INFO o.a.j.s.SampleEvent: List of sample_variables: []
2020-06-29 02:18:35,052 INFO o.a.j.g.u.JMeterMenuBar: setRunning(true, *local*)
2020-06-29 02:18:35,130 INFO o.a.j.e.StandardJMeterEngine: Starting ThreadGroup: 1 : Thread Group
2020-06-29 02:18:35,130 INFO o.a.j.e.StandardJMeterEngine: Starting 1 threads for group Thread Group.
2020-06-29 02:18:35,130 INFO o.a.j.e.StandardJMeterEngine: Thread will continue on error
2020-06-29 02:18:35,131 INFO o.a.j.t.ThreadGroup: Starting thread group... number=1 threads=1 ramp-up=1 delayedStart=false
2020-06-29 02:18:35,131 INFO o.a.j.t.ThreadGroup: Started thread group number 1
2020-06-29 02:18:35,131 INFO o.a.j.e.StandardJMeterEngine: All thread groups have been started
2020-06-29 02:18:35,131 INFO o.a.j.t.JMeterThread: Thread started: Thread Group 1-1
2020-06-29 02:18:35,637 INFO o.a.j.t.JMeterThread: Thread is done: Thread Group 1-1
2020-06-29 02:18:35,637 INFO o.a.j.t.JMeterThread: Thread finished: Thread Group 1-1
2020-06-29 02:18:35,638 INFO o.a.j.e.StandardJMeterEngine: Notifying test listeners of end of test
2020-06-29 02:18:35,638 INFO o.a.j.g.u.JMeterMenuBar: setRunning(false, *local*)
2020-06-29 02:24:49,258 INFO o.a.j.e.StandardJMeterEngine: Running the test!
2020-06-29 02:24:49,258 INFO o.a.j.s.SampleEvent: List of sample_variables: []
2020-06-29 02:24:49,259 INFO o.a.j.g.u.JMeterMenuBar: setRunning(true, *local*)
2020-06-29 02:24:49,392 INFO o.a.j.e.StandardJMeterEngine: Starting ThreadGroup: 1 : Thread Group
2020-06-29 02:24:49,392 INFO o.a.j.e.StandardJMeterEngine: Starting 1 threads for group Thread Group.
2020-06-29 02:24:49,392 INFO o.a.j.e.StandardJMeterEngine: Thread will continue on error
2020-06-29 02:24:49,392 INFO o.a.j.t.ThreadGroup: Starting thread group... number=1 threads=1 ramp-up=1 delayedStart=false
2020-06-29 02:24:49,393 INFO o.a.j.t.ThreadGroup: Started thread group number 1
2020-06-29 02:24:49,393 INFO o.a.j.e.StandardJMeterEngine: All thread groups have been started
2020-06-29 02:24:49,393 INFO o.a.j.t.JMeterThread: Thread started: Thread Group 1-1
2020-06-29 02:24:49,938 INFO o.a.j.t.JMeterThread: Thread is done: Thread Group 1-1
2020-06-29 02:24:49,938 INFO o.a.j.t.JMeterThread: Thread finished: Thread Group 1-1
2020-06-29 02:24:49,939 INFO o.a.j.e.StandardJMeterEngine: Notifying test listeners of end of test
2020-06-29 02:24:49,939 INFO o.a.j.g.u.JMeterMenuBar: setRunning(false, *local*)
2020-06-29 02:31:03,110 INFO o.a.j.e.StandardJMeterEngine: Running the test!
2020-06-29 02:31:03,110 INFO o.a.j.s.SampleEvent: List of sample_variables: []
2020-06-29 02:31:03,111 INFO o.a.j.g.u.JMeterMenuBar: setRunning(true, *local*)
2020-06-29 02:31:03,248 INFO o.a.j.e.StandardJMeterEngine: Starting ThreadGroup: 1 : Thread Group
2020-06-29 02:31:03,249 INFO o.a.j.e.StandardJMeterEngine: Starting 1 threads for group Thread Group.
2020-06-29 02:31:03,249 INFO o.a.j.e.StandardJMeterEngine: Thread will continue on error
2020-06-29 02:31:03,249 INFO o.a.j.t.ThreadGroup: Starting thread group... number=1 threads=1 ramp-up=1 delayedStart=false
2020-06-29 02:31:03,252 INFO o.a.j.t.ThreadGroup: Started thread group number 1
2020-06-29 02:31:03,253 INFO o.a.j.e.StandardJMeterEngine: All thread groups have been started
2020-06-29 02:31:03,253 INFO o.a.j.t.JMeterThread: Thread started: Thread Group 1-1
2020-06-29 02:31:03,773 INFO o.a.j.t.JMeterThread: Thread is done: Thread Group 1-1
2020-06-29 02:31:03,773 INFO o.a.j.t.JMeterThread: Thread finished: Thread Group 1-1
2020-06-29 02:31:03,779 INFO o.a.j.e.StandardJMeterEngine: Notifying test listeners of end of test
2020-06-29 02:31:03,779 INFO o.a.j.g.u.JMeterMenuBar: setRunning(false, *local*)
2020-06-29 02:31:40,904 INFO o.a.j.e.StandardJMeterEngine: Running the test!
2020-06-29 02:31:40,905 INFO o.a.j.s.SampleEvent: List of sample_variables: []
2020-06-29 02:31:40,906 INFO o.a.j.g.u.JMeterMenuBar: setRunning(true, *local*)
2020-06-29 02:31:41,003 INFO o.a.j.e.StandardJMeterEngine: Starting ThreadGroup: 1 : Thread Group
2020-06-29 02:31:41,004 INFO o.a.j.e.StandardJMeterEngine: Starting 1 threads for group Thread Group.
2020-06-29 02:31:41,004 INFO o.a.j.e.StandardJMeterEngine: Thread will continue on error
2020-06-29 02:31:41,004 INFO o.a.j.t.ThreadGroup: Starting thread group... number=1 threads=1 ramp-up=1 delayedStart=false
2020-06-29 02:31:41,005 INFO o.a.j.t.ThreadGroup: Started thread group number 1
2020-06-29 02:31:41,005 INFO o.a.j.e.StandardJMeterEngine: All thread groups have been started
2020-06-29 02:31:41,005 INFO o.a.j.t.JMeterThread: Thread started: Thread Group 1-1
2020-06-29 02:31:41,538 INFO o.a.j.t.JMeterThread: Thread is done: Thread Group 1-1
2020-06-29 02:31:41,538 INFO o.a.j.t.JMeterThread: Thread finished: Thread Group 1-1
2020-06-29 02:31:41,538 INFO o.a.j.e.StandardJMeterEngine: Notifying test listeners of end of test
2020-06-29 02:31:41,538 INFO o.a.j.g.u.JMeterMenuBar: setRunning(false, *local*)
2020-06-29 02:31:47,297 INFO o.a.j.e.StandardJMeterEngine: Running the test!
2020-06-29 02:31:47,298 INFO o.a.j.s.SampleEvent: List of sample_variables: []
2020-06-29 02:31:47,298 INFO o.a.j.g.u.JMeterMenuBar: setRunning(true, *local*)
2020-06-29 02:31:47,409 INFO o.a.j.e.StandardJMeterEngine: Starting ThreadGroup: 1 : Thread Group
2020-06-29 02:31:47,410 INFO o.a.j.e.StandardJMeterEngine: Starting 1 threads for group Thread Group.
2020-06-29 02:31:47,410 INFO o.a.j.e.StandardJMeterEngine: Thread will continue on error
2020-06-29 02:31:47,410 INFO o.a.j.t.ThreadGroup: Starting thread group... number=1 threads=1 ramp-up=1 delayedStart=false
2020-06-29 02:31:47,413 INFO o.a.j.t.ThreadGroup: Started thread group number 1
2020-06-29 02:31:47,413 INFO o.a.j.e.StandardJMeterEngine: All thread groups have been started
2020-06-29 02:31:47,414 INFO o.a.j.t.JMeterThread: Thread started: Thread Group 1-1
2020-06-29 02:31:47,953 INFO o.a.j.t.JMeterThread: Thread is done: Thread Group 1-1
2020-06-29 02:31:47,954 INFO o.a.j.t.JMeterThread: Thread finished: Thread Group 1-1
2020-06-29 02:31:47,954 INFO o.a.j.e.StandardJMeterEngine: Notifying test listeners of end of test
2020-06-29 02:31:47,955 INFO o.a.j.g.u.JMeterMenuBar: setRunning(false, *local*)
2020-06-29 02:46:25,809 INFO o.a.j.e.StandardJMeterEngine: Running the test!
2020-06-29 02:46:25,810 INFO o.a.j.s.SampleEvent: List of sample_variables: []
2020-06-29 02:46:25,811 INFO o.a.j.g.u.JMeterMenuBar: setRunning(true, *local*)
2020-06-29 02:46:25,974 INFO o.a.j.e.StandardJMeterEngine: Starting ThreadGroup: 1 : Thread Group
2020-06-29 02:46:25,975 INFO o.a.j.e.StandardJMeterEngine: Starting 1 threads for group Thread Group.
2020-06-29 02:46:25,975 INFO o.a.j.e.StandardJMeterEngine: Thread will continue on error
2020-06-29 02:46:25,975 INFO o.a.j.t.ThreadGroup: Starting thread group... number=1 threads=1 ramp-up=1 delayedStart=false
2020-06-29 02:46:25,975 INFO o.a.j.t.ThreadGroup: Started thread group number 1
2020-06-29 02:46:25,975 INFO o.a.j.e.StandardJMeterEngine: All thread groups have been started
2020-06-29 02:46:25,976 INFO o.a.j.t.JMeterThread: Thread started: Thread Group 1-1
2020-06-29 02:46:26,496 INFO o.a.j.t.JMeterThread: Thread is done: Thread Group 1-1
2020-06-29 02:46:26,496 INFO o.a.j.t.JMeterThread: Thread finished: Thread Group 1-1
2020-06-29 02:46:26,497 INFO o.a.j.e.StandardJMeterEngine: Notifying test listeners of end of test
2020-06-29 02:46:26,497 INFO o.a.j.g.u.JMeterMenuBar: setRunning(false, *local*)
2020-06-29 02:47:12,119 INFO o.a.j.e.StandardJMeterEngine: Running the test!
2020-06-29 02:47:12,120 INFO o.a.j.s.SampleEvent: List of sample_variables: []
2020-06-29 02:47:12,120 INFO o.a.j.g.u.JMeterMenuBar: setRunning(true, *local*)
2020-06-29 02:47:12,213 INFO o.a.j.e.StandardJMeterEngine: Starting ThreadGroup: 1 : Thread Group
2020-06-29 02:47:12,214 INFO o.a.j.e.StandardJMeterEngine: Starting 1 threads for group Thread Group.
2020-06-29 02:47:12,215 INFO o.a.j.e.StandardJMeterEngine: Thread will continue on error
2020-06-29 02:47:12,216 INFO o.a.j.t.ThreadGroup: Starting thread group... number=1 threads=1 ramp-up=1 delayedStart=false
2020-06-29 02:47:12,217 INFO o.a.j.t.ThreadGroup: Started thread group number 1
2020-06-29 02:47:12,218 INFO o.a.j.t.JMeterThread: Thread started: Thread Group 1-1
2020-06-29 02:47:12,219 INFO o.a.j.e.StandardJMeterEngine: All thread groups have been started
2020-06-29 02:47:12,741 INFO o.a.j.t.JMeterThread: Thread is done: Thread Group 1-1
2020-06-29 02:47:12,742 INFO o.a.j.t.JMeterThread: Thread finished: Thread Group 1-1
2020-06-29 02:47:12,742 INFO o.a.j.e.StandardJMeterEngine: Notifying test listeners of end of test
2020-06-29 02:47:12,742 INFO o.a.j.g.u.JMeterMenuBar: setRunning(false, *local*)
2020-06-29 02:47:18,963 INFO o.a.j.e.StandardJMeterEngine: Running the test!
2020-06-29 02:47:18,963 INFO o.a.j.s.SampleEvent: List of sample_variables: []
2020-06-29 02:47:18,964 INFO o.a.j.g.u.JMeterMenuBar: setRunning(true, *local*)
2020-06-29 02:47:19,065 INFO o.a.j.e.StandardJMeterEngine: Starting ThreadGroup: 1 : Thread Group
2020-06-29 02:47:19,065 INFO o.a.j.e.StandardJMeterEngine: Starting 1 threads for group Thread Group.
2020-06-29 02:47:19,065 INFO o.a.j.e.StandardJMeterEngine: Thread will continue on error
2020-06-29 02:47:19,065 INFO o.a.j.t.ThreadGroup: Starting thread group... number=1 threads=1 ramp-up=1 delayedStart=false
2020-06-29 02:47:19,066 INFO o.a.j.t.ThreadGroup: Started thread group number 1
2020-06-29 02:47:19,066 INFO o.a.j.e.StandardJMeterEngine: All thread groups have been started
2020-06-29 02:47:19,067 INFO o.a.j.t.JMeterThread: Thread started: Thread Group 1-1
2020-06-29 02:47:19,579 INFO o.a.j.t.JMeterThread: Thread is done: Thread Group 1-1
2020-06-29 02:47:19,579 INFO o.a.j.t.JMeterThread: Thread finished: Thread Group 1-1
2020-06-29 02:47:19,580 INFO o.a.j.e.StandardJMeterEngine: Notifying test listeners of end of test
2020-06-29 02:47:19,580 INFO o.a.j.g.u.JMeterMenuBar: setRunning(false, *local*)
2020-06-29 02:51:28,192 INFO o.a.j.e.StandardJMeterEngine: Running the test!
2020-06-29 02:51:28,192 INFO o.a.j.s.SampleEvent: List of sample_variables: []
2020-06-29 02:51:28,193 INFO o.a.j.g.u.JMeterMenuBar: setRunning(true, *local*)
2020-06-29 02:51:28,315 INFO o.a.j.e.StandardJMeterEngine: Starting ThreadGroup: 1 : Thread Group
2020-06-29 02:51:28,316 INFO o.a.j.e.StandardJMeterEngine: Starting 1 threads for group Thread Group.
2020-06-29 02:51:28,317 INFO o.a.j.e.StandardJMeterEngine: Thread will continue on error
2020-06-29 02:51:28,317 INFO o.a.j.t.ThreadGroup: Starting thread group... number=1 threads=1 ramp-up=1 delayedStart=false
2020-06-29 02:51:28,318 INFO o.a.j.t.ThreadGroup: Started thread group number 1
2020-06-29 02:51:28,319 INFO o.a.j.e.StandardJMeterEngine: All thread groups have been started
2020-06-29 02:51:28,319 INFO o.a.j.t.JMeterThread: Thread started: Thread Group 1-1
2020-06-29 02:51:28,840 INFO o.a.j.t.JMeterThread: Thread is done: Thread Group 1-1
2020-06-29 02:51:28,841 INFO o.a.j.t.JMeterThread: Thread finished: Thread Group 1-1
2020-06-29 02:51:28,841 INFO o.a.j.e.StandardJMeterEngine: Notifying test listeners of end of test
2020-06-29 02:51:28,841 INFO o.a.j.g.u.JMeterMenuBar: setRunning(false, *local*)
2020-06-29 02:51:34,250 INFO o.a.j.e.StandardJMeterEngine: Running the test!
2020-06-29 02:51:34,251 INFO o.a.j.s.SampleEvent: List of sample_variables: []
2020-06-29 02:51:34,252 INFO o.a.j.g.u.JMeterMenuBar: setRunning(true, *local*)
2020-06-29 02:51:34,325 INFO o.a.j.e.StandardJMeterEngine: Starting ThreadGroup: 1 : Thread Group
2020-06-29 02:51:34,326 INFO o.a.j.e.StandardJMeterEngine: Starting 1 threads for group Thread Group.
2020-06-29 02:51:34,326 INFO o.a.j.e.StandardJMeterEngine: Thread will continue on error
2020-06-29 02:51:34,326 INFO o.a.j.t.ThreadGroup: Starting thread group... number=1 threads=1 ramp-up=1 delayedStart=false
2020-06-29 02:51:34,326 INFO o.a.j.t.ThreadGroup: Started thread group number 1
2020-06-29 02:51:34,326 INFO o.a.j.e.StandardJMeterEngine: All thread groups have been started
2020-06-29 02:51:34,327 INFO o.a.j.t.JMeterThread: Thread started: Thread Group 1-1
2020-06-29 02:51:34,847 INFO o.a.j.t.JMeterThread: Thread is done: Thread Group 1-1
2020-06-29 02:51:34,847 INFO o.a.j.t.JMeterThread: Thread finished: Thread Group 1-1
2020-06-29 02:51:34,847 INFO o.a.j.e.StandardJMeterEngine: Notifying test listeners of end of test
2020-06-29 02:51:34,848 INFO o.a.j.g.u.JMeterMenuBar: setRunning(false, *local*)
2020-06-29 02:52:04,171 INFO o.a.j.e.StandardJMeterEngine: Running the test!
2020-06-29 02:52:04,171 INFO o.a.j.s.SampleEvent: List of sample_variables: []
2020-06-29 02:52:04,173 INFO o.a.j.g.u.JMeterMenuBar: setRunning(true, *local*)
2020-06-29 02:52:04,282 INFO o.a.j.e.StandardJMeterEngine: Starting ThreadGroup: 1 : Thread Group
2020-06-29 02:52:04,283 INFO o.a.j.e.StandardJMeterEngine: Starting 1 threads for group Thread Group.
2020-06-29 02:52:04,284 INFO o.a.j.e.StandardJMeterEngine: Thread will continue on error
2020-06-29 02:52:04,284 INFO o.a.j.t.ThreadGroup: Starting thread group... number=1 threads=1 ramp-up=1 delayedStart=false
2020-06-29 02:52:04,285 INFO o.a.j.t.ThreadGroup: Started thread group number 1
2020-06-29 02:52:04,286 INFO o.a.j.t.JMeterThread: Thread started: Thread Group 1-1
2020-06-29 02:52:04,286 INFO o.a.j.e.StandardJMeterEngine: All thread groups have been started
2020-06-29 02:52:04,799 INFO o.a.j.t.JMeterThread: Thread is done: Thread Group 1-1
2020-06-29 02:52:04,799 INFO o.a.j.t.JMeterThread: Thread finished: Thread Group 1-1
2020-06-29 02:52:04,800 INFO o.a.j.e.StandardJMeterEngine: Notifying test listeners of end of test
2020-06-29 02:52:04,800 INFO o.a.j.g.u.JMeterMenuBar: setRunning(false, *local*)
2020-06-29 02:52:33,748 INFO o.a.j.e.StandardJMeterEngine: Running the test!
2020-06-29 02:52:33,748 INFO o.a.j.s.SampleEvent: List of sample_variables: []
2020-06-29 02:52:33,749 INFO o.a.j.g.u.JMeterMenuBar: setRunning(true, *local*)
2020-06-29 02:52:33,835 INFO o.a.j.e.StandardJMeterEngine: Starting ThreadGroup: 1 : Thread Group
2020-06-29 02:52:33,835 INFO o.a.j.e.StandardJMeterEngine: Starting 1 threads for group Thread Group.
2020-06-29 02:52:33,835 INFO o.a.j.e.StandardJMeterEngine: Thread will continue on error
2020-06-29 02:52:33,835 INFO o.a.j.t.ThreadGroup: Starting thread group... number=1 threads=1 ramp-up=1 delayedStart=false
2020-06-29 02:52:33,835 INFO o.a.j.t.ThreadGroup: Started thread group number 1
2020-06-29 02:52:33,835 INFO o.a.j.e.StandardJMeterEngine: All thread groups have been started
2020-06-29 02:52:33,836 INFO o.a.j.t.JMeterThread: Thread started: Thread Group 1-1
2020-06-29 02:52:34,360 INFO o.a.j.t.JMeterThread: Thread is done: Thread Group 1-1
2020-06-29 02:52:34,360 INFO o.a.j.t.JMeterThread: Thread finished: Thread Group 1-1
2020-06-29 02:52:34,361 INFO o.a.j.e.StandardJMeterEngine: Notifying test listeners of end of test
2020-06-29 02:52:34,361 INFO o.a.j.g.u.JMeterMenuBar: setRunning(false, *local*)
2020-06-29 02:52:38,155 INFO o.a.j.e.StandardJMeterEngine: Running the test!
2020-06-29 02:52:38,156 INFO o.a.j.s.SampleEvent: List of sample_variables: []
2020-06-29 02:52:38,157 INFO o.a.j.g.u.JMeterMenuBar: setRunning(true, *local*)
2020-06-29 02:52:38,222 INFO o.a.j.e.StandardJMeterEngine: Starting ThreadGroup: 1 : Thread Group
2020-06-29 02:52:38,222 INFO o.a.j.e.StandardJMeterEngine: Starting 1 threads for group Thread Group.
2020-06-29 02:52:38,222 INFO o.a.j.e.StandardJMeterEngine: Thread will continue on error
2020-06-29 02:52:38,222 INFO o.a.j.t.ThreadGroup: Starting thread group... number=1 threads=1 ramp-up=1 delayedStart=false
2020-06-29 02:52:38,223 INFO o.a.j.t.ThreadGroup: Started thread group number 1
2020-06-29 02:52:38,223 INFO o.a.j.e.StandardJMeterEngine: All thread groups have been started
2020-06-29 02:52:38,224 INFO o.a.j.t.JMeterThread: Thread started: Thread Group 1-1
2020-06-29 02:52:38,738 INFO o.a.j.t.JMeterThread: Thread is done: Thread Group 1-1
2020-06-29 02:52:38,738 INFO o.a.j.t.JMeterThread: Thread finished: Thread Group 1-1
2020-06-29 02:52:38,739 INFO o.a.j.e.StandardJMeterEngine: Notifying test listeners of end of test
2020-06-29 02:52:38,739 INFO o.a.j.g.u.JMeterMenuBar: setRunning(false, *local*)
2020-06-29 02:53:47,387 INFO o.a.j.e.StandardJMeterEngine: Running the test!
2020-06-29 02:53:47,387 INFO o.a.j.s.SampleEvent: List of sample_variables: []
2020-06-29 02:53:47,388 INFO o.a.j.g.u.JMeterMenuBar: setRunning(true, *local*)
2020-06-29 02:53:47,501 INFO o.a.j.e.StandardJMeterEngine: Starting ThreadGroup: 1 : Thread Group
2020-06-29 02:53:47,501 INFO o.a.j.e.StandardJMeterEngine: Starting 1 threads for group Thread Group.
2020-06-29 02:53:47,501 INFO o.a.j.e.StandardJMeterEngine: Thread will continue on error
2020-06-29 02:53:47,501 INFO o.a.j.t.ThreadGroup: Starting thread group... number=1 threads=1 ramp-up=1 delayedStart=false
2020-06-29 02:53:47,506 INFO o.a.j.t.ThreadGroup: Started thread group number 1
2020-06-29 02:53:47,506 INFO o.a.j.e.StandardJMeterEngine: All thread groups have been started
2020-06-29 02:53:47,509 INFO o.a.j.t.JMeterThread: Thread started: Thread Group 1-1
2020-06-29 02:53:48,024 INFO o.a.j.t.JMeterThread: Thread is done: Thread Group 1-1
2020-06-29 02:53:48,025 INFO o.a.j.t.JMeterThread: Thread finished: Thread Group 1-1
2020-06-29 02:53:48,025 INFO o.a.j.e.StandardJMeterEngine: Notifying test listeners of end of test
2020-06-29 02:53:48,025 INFO o.a.j.g.u.JMeterMenuBar: setRunning(false, *local*)
2020-06-29 02:53:56,927 INFO o.a.j.e.StandardJMeterEngine: Running the test!
2020-06-29 02:53:56,927 INFO o.a.j.s.SampleEvent: List of sample_variables: []
2020-06-29 02:53:56,927 INFO o.a.j.g.u.JMeterMenuBar: setRunning(true, *local*)
2020-06-29 02:53:56,992 INFO o.a.j.e.StandardJMeterEngine: Starting ThreadGroup: 1 : Thread Group
2020-06-29 02:53:56,993 INFO o.a.j.e.StandardJMeterEngine: Starting 1 threads for group Thread Group.
2020-06-29 02:53:56,993 INFO o.a.j.e.StandardJMeterEngine: Thread will continue on error
2020-06-29 02:53:56,993 INFO o.a.j.t.ThreadGroup: Starting thread group... number=1 threads=1 ramp-up=1 delayedStart=false
2020-06-29 02:53:56,994 INFO o.a.j.t.ThreadGroup: Started thread group number 1
2020-06-29 02:53:56,994 INFO o.a.j.e.StandardJMeterEngine: All thread groups have been started
2020-06-29 02:53:56,995 INFO o.a.j.t.JMeterThread: Thread started: Thread Group 1-1
2020-06-29 02:53:57,508 INFO o.a.j.t.JMeterThread: Thread is done: Thread Group 1-1
2020-06-29 02:53:57,508 INFO o.a.j.t.JMeterThread: Thread finished: Thread Group 1-1
2020-06-29 02:53:57,509 INFO o.a.j.e.StandardJMeterEngine: Notifying test listeners of end of test
2020-06-29 02:53:57,509 INFO o.a.j.g.u.JMeterMenuBar: setRunning(false, *local*)
2020-06-29 02:54:12,992 INFO o.a.j.e.StandardJMeterEngine: Running the test!
2020-06-29 02:54:12,992 INFO o.a.j.s.SampleEvent: List of sample_variables: []
2020-06-29 02:54:12,992 INFO o.a.j.g.u.JMeterMenuBar: setRunning(true, *local*)
2020-06-29 02:54:13,096 INFO o.a.j.e.StandardJMeterEngine: Starting ThreadGroup: 1 : Thread Group
2020-06-29 02:54:13,097 INFO o.a.j.e.StandardJMeterEngine: Starting 1 threads for group Thread Group.
2020-06-29 02:54:13,097 INFO o.a.j.e.StandardJMeterEngine: Thread will continue on error
2020-06-29 02:54:13,098 INFO o.a.j.t.ThreadGroup: Starting thread group... number=1 threads=1 ramp-up=1 delayedStart=false
2020-06-29 02:54:13,100 INFO o.a.j.t.ThreadGroup: Started thread group number 1
2020-06-29 02:54:13,101 INFO o.a.j.e.StandardJMeterEngine: All thread groups have been started
2020-06-29 02:54:13,101 INFO o.a.j.t.JMeterThread: Thread started: Thread Group 1-1
2020-06-29 02:54:13,624 INFO o.a.j.t.JMeterThread: Thread is done: Thread Group 1-1
2020-06-29 02:54:13,624 INFO o.a.j.t.JMeterThread: Thread finished: Thread Group 1-1
2020-06-29 02:54:13,625 INFO o.a.j.e.StandardJMeterEngine: Notifying test listeners of end of test
2020-06-29 02:54:13,625 INFO o.a.j.g.u.JMeterMenuBar: setRunning(false, *local*)
2020-06-29 02:54:22,836 INFO o.a.j.e.StandardJMeterEngine: Running the test!
2020-06-29 02:54:22,836 INFO o.a.j.s.SampleEvent: List of sample_variables: []
2020-06-29 02:54:22,837 INFO o.a.j.g.u.JMeterMenuBar: setRunning(true, *local*)
2020-06-29 02:54:22,930 INFO o.a.j.e.StandardJMeterEngine: Starting ThreadGroup: 1 : Thread Group
2020-06-29 02:54:22,930 INFO o.a.j.e.StandardJMeterEngine: Starting 1 threads for group Thread Group.
2020-06-29 02:54:22,930 INFO o.a.j.e.StandardJMeterEngine: Thread will continue on error
2020-06-29 02:54:22,931 INFO o.a.j.t.ThreadGroup: Starting thread group... number=1 threads=1 ramp-up=1 delayedStart=false
2020-06-29 02:54:22,931 INFO o.a.j.t.ThreadGroup: Started thread group number 1
2020-06-29 02:54:22,931 INFO o.a.j.e.StandardJMeterEngine: All thread groups have been started
2020-06-29 02:54:22,932 INFO o.a.j.t.JMeterThread: Thread started: Thread Group 1-1
2020-06-29 02:54:23,447 INFO o.a.j.t.JMeterThread: Thread is done: Thread Group 1-1
2020-06-29 02:54:23,447 INFO o.a.j.t.JMeterThread: Thread finished: Thread Group 1-1
2020-06-29 02:54:23,447 INFO o.a.j.e.StandardJMeterEngine: Notifying test listeners of end of test
2020-06-29 02:54:23,447 INFO o.a.j.g.u.JMeterMenuBar: setRunning(false, *local*)
2020-06-29 02:55:41,625 INFO o.a.j.v.ViewResultsFullVisualizer: Add JavaFX to your Java installation if you want to use renderer: org.apache.jmeter.visualizers.RenderInBrowser
2020-06-29 02:55:41,652 INFO o.a.j.g.a.Load: Loading file: /home/arash/Desktop/jmeter-from-chrome-plugin2/performance-tests/login-logout.jmx
2020-06-29 02:55:41,653 INFO o.a.j.s.FileServer: Set new base='/home/arash/Desktop/jmeter-from-chrome-plugin2/performance-tests'
2020-06-29 02:55:41,653 INFO o.a.j.s.SaveService: Loading file: /home/arash/Desktop/jmeter-from-chrome-plugin2/performance-tests/login-logout.jmx
2020-06-29 02:55:41,692 INFO o.a.j.v.ViewResultsFullVisualizer: Add JavaFX to your Java installation if you want to use renderer: org.apache.jmeter.visualizers.RenderInBrowser
2020-06-29 02:55:41,719 INFO o.a.j.s.FileServer: Set new base='/home/arash/Desktop/jmeter-from-chrome-plugin2/performance-tests'
2020-06-29 02:55:52,501 INFO o.a.j.e.StandardJMeterEngine: Running the test!
2020-06-29 02:55:52,505 INFO o.a.j.s.SampleEvent: List of sample_variables: []
2020-06-29 02:55:52,506 INFO o.a.j.g.u.JMeterMenuBar: setRunning(true, *local*)
2020-06-29 02:55:52,634 INFO o.a.j.e.StandardJMeterEngine: Starting ThreadGroup: 1 : Thread Group
2020-06-29 02:55:52,634 INFO o.a.j.e.StandardJMeterEngine: Starting 1 threads for group Thread Group.
2020-06-29 02:55:52,634 INFO o.a.j.e.StandardJMeterEngine: Thread will continue on error
2020-06-29 02:55:52,634 INFO o.a.j.t.ThreadGroup: Starting thread group... number=1 threads=1 ramp-up=1 delayedStart=false
2020-06-29 02:55:52,637 INFO o.a.j.t.ThreadGroup: Started thread group number 1
2020-06-29 02:55:52,637 INFO o.a.j.e.StandardJMeterEngine: All thread groups have been started
2020-06-29 02:55:52,638 INFO o.a.j.t.JMeterThread: Thread started: Thread Group 1-1
2020-06-29 02:55:53,173 INFO o.a.j.t.JMeterThread: Thread is done: Thread Group 1-1
2020-06-29 02:55:53,173 INFO o.a.j.t.JMeterThread: Thread finished: Thread Group 1-1
2020-06-29 02:55:53,174 INFO o.a.j.e.StandardJMeterEngine: Notifying test listeners of end of test
2020-06-29 02:55:53,174 INFO o.a.j.g.u.JMeterMenuBar: setRunning(false, *local*)
2020-06-29 02:57:38,486 INFO o.a.j.e.StandardJMeterEngine: Running the test!
2020-06-29 02:57:38,486 INFO o.a.j.s.SampleEvent: List of sample_variables: []
2020-06-29 02:57:38,487 INFO o.a.j.g.u.JMeterMenuBar: setRunning(true, *local*)
2020-06-29 02:57:38,670 INFO o.a.j.e.StandardJMeterEngine: Starting ThreadGroup: 1 : Thread Group
2020-06-29 02:57:38,670 INFO o.a.j.e.StandardJMeterEngine: Starting 1 threads for group Thread Group.
2020-06-29 02:57:38,670 INFO o.a.j.e.StandardJMeterEngine: Thread will continue on error
2020-06-29 02:57:38,670 INFO o.a.j.t.ThreadGroup: Starting thread group... number=1 threads=1 ramp-up=1 delayedStart=false
2020-06-29 02:57:38,671 INFO o.a.j.t.ThreadGroup: Started thread group number 1
2020-06-29 02:57:38,671 INFO o.a.j.e.StandardJMeterEngine: All thread groups have been started
2020-06-29 02:57:38,671 INFO o.a.j.t.JMeterThread: Thread started: Thread Group 1-1
2020-06-29 02:57:39,198 INFO o.a.j.t.JMeterThread: Thread is done: Thread Group 1-1
2020-06-29 02:57:39,198 INFO o.a.j.t.JMeterThread: Thread finished: Thread Group 1-1
2020-06-29 02:57:39,198 INFO o.a.j.e.StandardJMeterEngine: Notifying test listeners of end of test
2020-06-29 02:57:39,198 INFO o.a.j.g.u.JMeterMenuBar: setRunning(false, *local*)
2020-06-29 02:57:50,360 INFO o.a.j.e.StandardJMeterEngine: Running the test!
2020-06-29 02:57:50,360 INFO o.a.j.s.SampleEvent: List of sample_variables: []
2020-06-29 02:57:50,361 INFO o.a.j.g.u.JMeterMenuBar: setRunning(true, *local*)
2020-06-29 02:57:50,478 INFO o.a.j.e.StandardJMeterEngine: Starting ThreadGroup: 1 : Thread Group
2020-06-29 02:57:50,478 INFO o.a.j.e.StandardJMeterEngine: Starting 1 threads for group Thread Group.
2020-06-29 02:57:50,478 INFO o.a.j.e.StandardJMeterEngine: Thread will continue on error
2020-06-29 02:57:50,478 INFO o.a.j.t.ThreadGroup: Starting thread group... number=1 threads=1 ramp-up=1 delayedStart=false
2020-06-29 02:57:50,479 INFO o.a.j.t.ThreadGroup: Started thread group number 1
2020-06-29 02:57:50,479 INFO o.a.j.e.StandardJMeterEngine: All thread groups have been started
2020-06-29 02:57:50,479 INFO o.a.j.t.JMeterThread: Thread started: Thread Group 1-1
2020-06-29 02:57:51,005 INFO o.a.j.t.JMeterThread: Thread is done: Thread Group 1-1
2020-06-29 02:57:51,005 INFO o.a.j.t.JMeterThread: Thread finished: Thread Group 1-1
2020-06-29 02:57:51,006 INFO o.a.j.e.StandardJMeterEngine: Notifying test listeners of end of test
2020-06-29 02:57:51,006 INFO o.a.j.g.u.JMeterMenuBar: setRunning(false, *local*)
2020-06-29 03:06:38,218 INFO o.a.j.e.StandardJMeterEngine: Running the test!
2020-06-29 03:06:38,218 INFO o.a.j.s.SampleEvent: List of sample_variables: []
2020-06-29 03:06:38,218 INFO o.a.j.g.u.JMeterMenuBar: setRunning(true, *local*)
2020-06-29 03:06:38,419 INFO o.a.j.e.StandardJMeterEngine: Starting ThreadGroup: 1 : Thread Group
2020-06-29 03:06:38,419 INFO o.a.j.e.StandardJMeterEngine: Starting 1 threads for group Thread Group.
2020-06-29 03:06:38,419 INFO o.a.j.e.StandardJMeterEngine: Thread will continue on error
2020-06-29 03:06:38,419 INFO o.a.j.t.ThreadGroup: Starting thread group... number=1 threads=1 ramp-up=1 delayedStart=false
2020-06-29 03:06:38,419 INFO o.a.j.t.ThreadGroup: Started thread group number 1
2020-06-29 03:06:38,419 INFO o.a.j.e.StandardJMeterEngine: All thread groups have been started
2020-06-29 03:06:38,420 INFO o.a.j.t.JMeterThread: Thread started: Thread Group 1-1
2020-06-29 03:06:38,957 INFO o.a.j.t.JMeterThread: Thread is done: Thread Group 1-1
2020-06-29 03:06:38,957 INFO o.a.j.t.JMeterThread: Thread finished: Thread Group 1-1
2020-06-29 03:06:38,958 INFO o.a.j.e.StandardJMeterEngine: Notifying test listeners of end of test
2020-06-29 03:06:38,958 INFO o.a.j.g.u.JMeterMenuBar: setRunning(false, *local*)
2020-07-12 06:55:38,073 INFO o.a.j.e.StandardJMeterEngine: Running the test!
2020-07-12 06:55:38,073 INFO o.a.j.s.SampleEvent: List of sample_variables: []
2020-07-12 06:55:38,074 INFO o.a.j.g.u.JMeterMenuBar: setRunning(true, *local*)
2020-07-12 06:55:38,286 INFO o.a.j.e.StandardJMeterEngine: Starting ThreadGroup: 1 : Thread Group
2020-07-12 06:55:38,287 INFO o.a.j.e.StandardJMeterEngine: Starting 1 threads for group Thread Group.
2020-07-12 06:55:38,287 INFO o.a.j.e.StandardJMeterEngine: Thread will continue on error
2020-07-12 06:55:38,287 INFO o.a.j.t.ThreadGroup: Starting thread group... number=1 threads=1 ramp-up=1 delayedStart=false
2020-07-12 06:55:38,288 INFO o.a.j.t.ThreadGroup: Started thread group number 1
2020-07-12 06:55:38,288 INFO o.a.j.e.StandardJMeterEngine: All thread groups have been started
2020-07-12 06:55:38,289 INFO o.a.j.t.JMeterThread: Thread started: Thread Group 1-1
2020-07-12 06:55:38,802 INFO o.a.j.t.JMeterThread: Thread is done: Thread Group 1-1
2020-07-12 06:55:38,802 INFO o.a.j.t.JMeterThread: Thread finished: Thread Group 1-1
2020-07-12 06:55:38,802 INFO o.a.j.e.StandardJMeterEngine: Notifying test listeners of end of test
2020-07-12 06:55:38,803 INFO o.a.j.g.u.JMeterMenuBar: setRunning(false, *local*)
2020-07-12 06:56:07,899 INFO o.a.j.e.StandardJMeterEngine: Running the test!
2020-07-12 06:56:07,900 INFO o.a.j.s.SampleEvent: List of sample_variables: []
2020-07-12 06:56:07,902 INFO o.a.j.g.u.JMeterMenuBar: setRunning(true, *local*)
2020-07-12 06:56:08,085 INFO o.a.j.e.StandardJMeterEngine: Starting ThreadGroup: 1 : Thread Group
2020-07-12 06:56:08,085 INFO o.a.j.e.StandardJMeterEngine: Starting 1 threads for group Thread Group.
2020-07-12 06:56:08,086 INFO o.a.j.e.StandardJMeterEngine: Thread will continue on error
2020-07-12 06:56:08,087 INFO o.a.j.t.ThreadGroup: Starting thread group... number=1 threads=1 ramp-up=1 delayedStart=false
2020-07-12 06:56:08,088 INFO o.a.j.t.ThreadGroup: Started thread group number 1
2020-07-12 06:56:08,088 INFO o.a.j.e.StandardJMeterEngine: All thread groups have been started
2020-07-12 06:56:08,088 INFO o.a.j.t.JMeterThread: Thread started: Thread Group 1-1
2020-07-12 06:56:08,637 INFO o.a.j.t.JMeterThread: Thread is done: Thread Group 1-1
2020-07-12 06:56:08,638 INFO o.a.j.t.JMeterThread: Thread finished: Thread Group 1-1
2020-07-12 06:56:08,640 INFO o.a.j.e.StandardJMeterEngine: Notifying test listeners of end of test
2020-07-12 06:56:08,640 INFO o.a.j.g.u.JMeterMenuBar: setRunning(false, *local*)
2020-07-12 06:56:16,714 INFO o.a.j.e.StandardJMeterEngine: Running the test!
2020-07-12 06:56:16,715 INFO o.a.j.s.SampleEvent: List of sample_variables: []
2020-07-12 06:56:16,715 INFO o.a.j.g.u.JMeterMenuBar: setRunning(true, *local*)
2020-07-12 06:56:16,829 INFO o.a.j.e.StandardJMeterEngine: Starting ThreadGroup: 1 : Thread Group
2020-07-12 06:56:16,829 INFO o.a.j.e.StandardJMeterEngine: Starting 1 threads for group Thread Group.
2020-07-12 06:56:16,829 INFO o.a.j.e.StandardJMeterEngine: Thread will continue on error
2020-07-12 06:56:16,829 INFO o.a.j.t.ThreadGroup: Starting thread group... number=1 threads=1 ramp-up=1 delayedStart=false
2020-07-12 06:56:16,830 INFO o.a.j.t.ThreadGroup: Started thread group number 1
2020-07-12 06:56:16,830 INFO o.a.j.e.StandardJMeterEngine: All thread groups have been started
2020-07-12 06:56:16,830 INFO o.a.j.t.JMeterThread: Thread started: Thread Group 1-1
2020-07-12 06:56:17,350 INFO o.a.j.t.JMeterThread: Thread is done: Thread Group 1-1
2020-07-12 06:56:17,350 INFO o.a.j.t.JMeterThread: Thread finished: Thread Group 1-1
2020-07-12 06:56:17,351 INFO o.a.j.e.StandardJMeterEngine: Notifying test listeners of end of test
2020-07-12 06:56:17,351 INFO o.a.j.g.u.JMeterMenuBar: setRunning(false, *local*)
